Task :app:kaptDebugKotlin
e: file:///home/runner/work/PsiphonPlus/PsiphonPlus/app/src/main/java/vpn/minapronet/com/eg/ui/fragment/HomeFragment.kt:152:33 Argument type mismatch: actual type is 'kotlin.String', but 'vpn.minapronet.com.eg.model.MinaConfig' was expected.
e: file:///home/runner/work/PsiphonPlus/PsiphonPlus/app/src/main/java/xyz/chz/kntinjector/core/DNSThread.kt:67:17 Class '<anonymous>' is not abstract and does not implement abstract member 'onLine'.
e: file:///home/runner/work/PsiphonPlus/PsiphonPlus/app/src/main/java/xyz/chz/kntinjector/core/DNSThread.kt:69:21 'onLine' overrides nothing.
e: file:///home/runner/work/PsiphonPlus/PsiphonPlus/app/src/main/java/xyz/chz/kntinjector/core/Pdnsd.kt:58:17 Class '<anonymous>' is not abstract and does not implement abstract member 'onLine'.
e: file:///home/runner/work/PsiphonPlus/PsiphonPlus/app/src/main/java/xyz/chz/kntinjector/core/Pdnsd.kt:59:21 'onLine' overrides nothing.
e: file:///home/runner/work/PsiphonPlus/PsiphonPlus/app/src/main/java/xyz/chz/udp/UdpService.kt:194:9 Class '<anonymous>' is not abstract and does not implement abstract member 'onLine'.
e: file:///home/runner/work/PsiphonPlus/PsiphonPlus/app/src/main/java/xyz/chz/udp/UdpService.kt:195:13 'onLine' overrides nothing.

> Task :app:compileDebugKotlin


> Task :app:compileDebugKotlin FAILED
FAILURE: Build failed with an exception.

81 actionable tasks: 81 executed
* What went wrong:
Execution failed for task ':app:compileDebugKotlin'.
> A failure occurred while executing org.jetbrains.kotlin.compilerRunner.GradleCompilerRunnerWithWorkers$GradleKotlinCompilerWorkAction
   > Compilation error. See log for more details

* Try:
> Run with --stacktrace option to get the stack trace.
> Run with --info or --debug option to get more log output.
> Run with --scan to get full insights.
> Get more help at https://help.gradle.org.

BUILD FAILED in 4m 18s
Error: Process completed with exit code 1.
